0 info it worked if it ends with ok
1 verbose cli [ '/Users/yangfeiloveG/.nvm/versions/node/v5.0.0/bin/node',
1 verbose cli   '/Users/yangfeiloveG/.nvm/versions/node/v5.0.0/bin/npm',
1 verbose cli   'run',
1 verbose cli   'dev' ]
2 info using npm@3.3.6
3 info using node@v5.0.0
4 verbose run-script [ 'predev', 'dev', 'postdev' ]
5 info lifecycle webpack-multipage-for-Boqii-H5@0.1.0~predev: webpack-multipage-for-Boqii-H5@0.1.0
6 silly lifecycle webpack-multipage-for-Boqii-H5@0.1.0~predev: no script for predev, continuing
7 info lifecycle webpack-multipage-for-Boqii-H5@0.1.0~dev: webpack-multipage-for-Boqii-H5@0.1.0
8 verbose lifecycle webpack-multipage-for-Boqii-H5@0.1.0~dev: unsafe-perm in lifecycle true
9 verbose lifecycle webpack-multipage-for-Boqii-H5@0.1.0~dev: PATH: /Users/yangfeiloveG/.nvm/versions/node/v5.0.0/lib/node_modules/npm/bin/node-gyp-bin:/Users/yangfeiloveG/Documents/webpack/webpack-project/node_modules/.bin:/Users/yangfeiloveG/.nvm/versions/node/v5.0.0/bin:/Users/yangfeiloveG/.rvm/gems/ruby-2.2.1/bin:/Users/yangfeiloveG/.rvm/gems/ruby-2.2.1@global/bin:/Users/yangfeiloveG/.rvm/rubies/ruby-2.2.1/bin:/Users/yangfeiloveG/bin:/Users/yangfeiloveG/.bin:/Users/yangfeiloveG/.dotfiles/bin:/usr/local/bin:/usr/local/sbin:/usr/bin:/bin:/usr/sbin:/sbin:/Users/yangfeiloveG/.rvm/bin:/Users/yangfeiloveG/.rvm/bin
10 verbose lifecycle webpack-multipage-for-Boqii-H5@0.1.0~dev: CWD: /Users/yangfeiloveG/Documents/webpack/webpack-project
11 silly lifecycle webpack-multipage-for-Boqii-H5@0.1.0~dev: Args: [ '-c', 'webpack-dev-server' ]
12 silly lifecycle webpack-multipage-for-Boqii-H5@0.1.0~dev: Returned: code: 1  signal: null
13 info lifecycle webpack-multipage-for-Boqii-H5@0.1.0~dev: Failed to exec dev script
14 verbose stack Error: webpack-multipage-for-Boqii-H5@0.1.0 dev: `webpack-dev-server`
14 verbose stack Exit status 1
14 verbose stack     at EventEmitter.<anonymous> (/Users/yangfeiloveG/.nvm/versions/node/v5.0.0/lib/node_modules/npm/lib/utils/lifecycle.js:233:16)
14 verbose stack     at emitTwo (events.js:87:13)
14 verbose stack     at EventEmitter.emit (events.js:172:7)
14 verbose stack     at ChildProcess.<anonymous> (/Users/yangfeiloveG/.nvm/versions/node/v5.0.0/lib/node_modules/npm/lib/utils/spawn.js:24:14)
14 verbose stack     at emitTwo (events.js:87:13)
14 verbose stack     at ChildProcess.emit (events.js:172:7)
14 verbose stack     at maybeClose (internal/child_process.js:818:16)
14 verbose stack     at Process.ChildProcess._handle.onexit (internal/child_process.js:211:5)
15 verbose pkgid webpack-multipage-for-Boqii-H5@0.1.0
16 verbose cwd /Users/yangfeiloveG/Documents/webpack/webpack-project
17 error Darwin 15.2.0
18 error argv "/Users/yangfeiloveG/.nvm/versions/node/v5.0.0/bin/node" "/Users/yangfeiloveG/.nvm/versions/node/v5.0.0/bin/npm" "run" "dev"
19 error node v5.0.0
20 error npm  v3.3.6
21 error code ELIFECYCLE
22 error webpack-multipage-for-Boqii-H5@0.1.0 dev: `webpack-dev-server`
22 error Exit status 1
23 error Failed at the webpack-multipage-for-Boqii-H5@0.1.0 dev script 'webpack-dev-server'.
23 error This is most likely a problem with the webpack-multipage-for-Boqii-H5 package,
23 error not with npm itself.
23 error Tell the author that this fails on your system:
23 error     webpack-dev-server
23 error You can get their info via:
23 error     npm owner ls webpack-multipage-for-Boqii-H5
23 error There is likely additional logging output above.
24 verbose exit [ 1, true ]
